<?xml version="1.0" encoding="UTF-8"?>
<testng-results skipped="0" failed="0" ignored="0" total="4" passed="4">
  <reporter-output>
  </reporter-output>
  <suite name="Suite" duration-ms="251" started-at="2019-01-08T06:55:53Z" finished-at="2019-01-08T06:55:54Z">
    <groups>
    </groups>
    <test name="Test" duration-ms="102" started-at="2019-01-08T06:55:53Z" finished-at="2019-01-08T06:55:53Z">
      <class name="Test.NewTest">
        <test-method status="PASS" signature="beforeTest()[pri:0, instance:Test.NewTest@61832929]" name="beforeTest" is-config="true" duration-ms="0" started-at="2019-01-08T06:55:53Z" finished-at="2019-01-08T06:55:53Z">
          <reporter-output>
          </reporter-output>
        </test-method> <!-- beforeTest -->
        <test-method status="PASS" signature="beforeClass()[pri:0, instance:Test.NewTest@61832929]" name="beforeClass" is-config="true" duration-ms="1" started-at="2019-01-08T06:55:53Z" finished-at="2019-01-08T06:55:53Z">
          <reporter-output>
          </reporter-output>
        </test-method> <!-- beforeClass -->
        <test-method status="PASS" signature="beforeMethod()[pri:0, instance:Test.NewTest@61832929]" name="beforeMethod" is-config="true" duration-ms="2" started-at="2019-01-08T06:55:53Z" finished-at="2019-01-08T06:55:53Z">
          <reporter-output>
          </reporter-output>
        </test-method> <!-- beforeMethod -->
        <test-method status="PASS" signature="f()[pri:0, instance:Test.NewTest@61832929]" name="f" duration-ms="18" started-at="2019-01-08T06:55:53Z" finished-at="2019-01-08T06:55:53Z">
          <reporter-output>
          </reporter-output>
        </test-method> <!-- f -->
        <test-method status="PASS" signature="afterMethod()[pri:0, instance:Test.NewTest@61832929]" name="afterMethod" is-config="true" duration-ms="1" started-at="2019-01-08T06:55:53Z" finished-at="2019-01-08T06:55:53Z">
          <reporter-output>
          </reporter-output>
        </test-method> <!-- afterMethod -->
        <test-method status="PASS" signature="beforeMethod()[pri:0, instance:Test.NewTest@61832929]" name="beforeMethod" is-config="true" duration-ms="1" started-at="2019-01-08T06:55:53Z" finished-at="2019-01-08T06:55:53Z">
          <reporter-output>
          </reporter-output>
        </test-method> <!-- beforeMethod -->
        <test-method status="PASS" signature="f1()[pri:0, instance:Test.NewTest@61832929]" name="f1" duration-ms="4" started-at="2019-01-08T06:55:53Z" finished-at="2019-01-08T06:55:53Z">
          <reporter-output>
          </reporter-output>
        </test-method> <!-- f1 -->
        <test-method status="PASS" signature="afterMethod()[pri:0, instance:Test.NewTest@61832929]" name="afterMethod" is-config="true" duration-ms="4" started-at="2019-01-08T06:55:53Z" finished-at="2019-01-08T06:55:53Z">
          <reporter-output>
          </reporter-output>
        </test-method> <!-- afterMethod -->
        <test-method status="PASS" signature="afterClass()[pri:0, instance:Test.NewTest@61832929]" name="afterClass" is-config="true" duration-ms="0" started-at="2019-01-08T06:55:53Z" finished-at="2019-01-08T06:55:53Z">
          <reporter-output>
          </reporter-output>
        </test-method> <!-- afterClass -->
        <test-method status="PASS" signature="afterTest()[pri:0, instance:Test.NewTest@61832929]" name="afterTest" is-config="true" duration-ms="1" started-at="2019-01-08T06:55:53Z" finished-at="2019-01-08T06:55:53Z">
          <reporter-output>
          </reporter-output>
        </test-method> <!-- afterTest -->
      </class> <!-- Test.NewTest -->
    </test> <!-- Test -->
    <test name="Test1" duration-ms="31" started-at="2019-01-08T06:55:54Z" finished-at="2019-01-08T06:55:54Z">
      <class name="Test.NewTest">
        <test-method status="PASS" signature="beforeSuite()[pri:0, instance:Test.NewTest@61832929]" name="beforeSuite" is-config="true" duration-ms="36" started-at="2019-01-08T06:55:53Z" finished-at="2019-01-08T06:55:53Z">
          <reporter-output>
          </reporter-output>
        </test-method> <!-- beforeSuite -->
        <test-method status="PASS" signature="beforeSuite()[pri:0, instance:Test.NewTest1@204f30ec]" name="beforeSuite" is-config="true" duration-ms="1" started-at="2019-01-08T06:55:53Z" finished-at="2019-01-08T06:55:53Z">
          <reporter-output>
          </reporter-output>
        </test-method> <!-- beforeSuite -->
        <test-method status="PASS" signature="afterSuite()[pri:0, instance:Test.NewTest@61832929]" name="afterSuite" is-config="true" duration-ms="1" started-at="2019-01-08T06:55:54Z" finished-at="2019-01-08T06:55:54Z">
          <reporter-output>
          </reporter-output>
        </test-method> <!-- afterSuite -->
        <test-method status="PASS" signature="afterSuite()[pri:0, instance:Test.NewTest1@204f30ec]" name="afterSuite" is-config="true" duration-ms="1" started-at="2019-01-08T06:55:54Z" finished-at="2019-01-08T06:55:54Z">
          <reporter-output>
          </reporter-output>
        </test-method> <!-- afterSuite -->
      </class> <!-- Test.NewTest -->
      <class name="Test.NewTest1">
        <test-method status="PASS" signature="beforeTest()[pri:0, instance:Test.NewTest1@204f30ec]" name="beforeTest" is-config="true" duration-ms="1" started-at="2019-01-08T06:55:54Z" finished-at="2019-01-08T06:55:54Z">
          <reporter-output>
          </reporter-output>
        </test-method> <!-- beforeTest -->
        <test-method status="PASS" signature="beforeClass()[pri:0, instance:Test.NewTest1@204f30ec]" name="beforeClass" is-config="true" duration-ms="0" started-at="2019-01-08T06:55:54Z" finished-at="2019-01-08T06:55:54Z">
          <reporter-output>
          </reporter-output>
        </test-method> <!-- beforeClass -->
        <test-method status="PASS" signature="beforeMethod()[pri:0, instance:Test.NewTest1@204f30ec]" name="beforeMethod" is-config="true" duration-ms="1" started-at="2019-01-08T06:55:54Z" finished-at="2019-01-08T06:55:54Z">
          <reporter-output>
          </reporter-output>
        </test-method> <!-- beforeMethod -->
        <test-method status="PASS" signature="f()[pri:0, instance:Test.NewTest1@204f30ec]" name="f" duration-ms="4" started-at="2019-01-08T06:55:54Z" finished-at="2019-01-08T06:55:54Z">
          <reporter-output>
          </reporter-output>
        </test-method> <!-- f -->
        <test-method status="PASS" signature="afterMethod()[pri:0, instance:Test.NewTest1@204f30ec]" name="afterMethod" is-config="true" duration-ms="1" started-at="2019-01-08T06:55:54Z" finished-at="2019-01-08T06:55:54Z">
          <reporter-output>
          </reporter-output>
        </test-method> <!-- afterMethod -->
        <test-method status="PASS" signature="beforeMethod()[pri:0, instance:Test.NewTest1@204f30ec]" name="beforeMethod" is-config="true" duration-ms="0" started-at="2019-01-08T06:55:54Z" finished-at="2019-01-08T06:55:54Z">
          <reporter-output>
          </reporter-output>
        </test-method> <!-- beforeMethod -->
        <test-method status="PASS" signature="f1()[pri:0, instance:Test.NewTest1@204f30ec]" name="f1" duration-ms="7" started-at="2019-01-08T06:55:54Z" finished-at="2019-01-08T06:55:54Z">
          <reporter-output>
          </reporter-output>
        </test-method> <!-- f1 -->
        <test-method status="PASS" signature="afterMethod()[pri:0, instance:Test.NewTest1@204f30ec]" name="afterMethod" is-config="true" duration-ms="1" started-at="2019-01-08T06:55:54Z" finished-at="2019-01-08T06:55:54Z">
          <reporter-output>
          </reporter-output>
        </test-method> <!-- afterMethod -->
        <test-method status="PASS" signature="afterClass()[pri:0, instance:Test.NewTest1@204f30ec]" name="afterClass" is-config="true" duration-ms="1" started-at="2019-01-08T06:55:54Z" finished-at="2019-01-08T06:55:54Z">
          <reporter-output>
          </reporter-output>
        </test-method> <!-- afterClass -->
        <test-method status="PASS" signature="afterTest()[pri:0, instance:Test.NewTest1@204f30ec]" name="afterTest" is-config="true" duration-ms="1" started-at="2019-01-08T06:55:54Z" finished-at="2019-01-08T06:55:54Z">
          <reporter-output>
          </reporter-output>
        </test-method> <!-- afterTest -->
      </class> <!-- Test.NewTest1 -->
    </test> <!-- Test1 -->
  </suite> <!-- Suite -->
</testng-results>
